0 info it worked if it ends with ok
1 verbose cli [ 'c:\\Program Files\\nodejs\\node.exe',
1 verbose cli   'c:\\Program Files\\nodejs\\node_modules\\npm\\bin\\npm-cli.js',
1 verbose cli   'install',
1 verbose cli   'sliderjs' ]
2 info using npm@1.2.18
3 info using node@v0.10.5
4 verbose read json c:\Users\KaranDesktop\Documents\GitHub\IvyWireMainSite\package.json
5 warn package.json ivywire@0.0.1 No README.md file found!
6 verbose read json c:\Users\KaranDesktop\Documents\GitHub\IvyWireMainSite\node_modules\express\package.json
7 verbose read json c:\Users\KaranDesktop\Documents\GitHub\IvyWireMainSite\node_modules\jade\package.json
8 verbose read json c:\Users\KaranDesktop\Documents\GitHub\IvyWireMainSite\node_modules\nodemailer\package.json
9 verbose read json c:\Users\KaranDesktop\Documents\GitHub\IvyWireMainSite\node_modules\slider.js-master\package.json
10 verbose from cache c:\Users\KaranDesktop\Documents\GitHub\IvyWireMainSite\package.json
11 verbose readDependencies using package.json deps
12 verbose cache add [ 'sliderjs', null ]
13 verbose cache add name=undefined spec="sliderjs" args=["sliderjs",null]
14 verbose parsed url { protocol: null,
14 verbose parsed url   slashes: null,
14 verbose parsed url   auth: null,
14 verbose parsed url   host: null,
14 verbose parsed url   port: null,
14 verbose parsed url   hostname: null,
14 verbose parsed url   hash: null,
14 verbose parsed url   search: null,
14 verbose parsed url   query: null,
14 verbose parsed url   pathname: 'sliderjs',
14 verbose parsed url   path: 'sliderjs',
14 verbose parsed url   href: 'sliderjs' }
15 silly lockFile de9eb359-sliderjs sliderjs
16 verbose lock sliderjs C:\Users\KaranDesktop\AppData\Roaming\npm-cache\de9eb359-sliderjs.lock
17 silly lockFile de9eb359-sliderjs sliderjs
18 silly lockFile de9eb359-sliderjs sliderjs
19 verbose addNamed [ 'sliderjs', '' ]
20 verbose addNamed [ null, '' ]
21 silly lockFile d09b4508-sliderjs sliderjs@
22 verbose lock sliderjs@ C:\Users\KaranDesktop\AppData\Roaming\npm-cache\d09b4508-sliderjs.lock
23 silly addNameRange { name: 'sliderjs', range: '', hasData: false }
24 verbose url raw sliderjs
25 verbose url resolving [ 'https://registry.npmjs.org/', './sliderjs' ]
26 verbose url resolved https://registry.npmjs.org/sliderjs
27 info trying registry request attempt 1 at 14:13:46
28 http GET https://registry.npmjs.org/sliderjs
29 http 404 https://registry.npmjs.org/sliderjs
30 silly registry.get cb [ 404,
30 silly registry.get   { server: 'CouchDB/1.3.0 (Erlang OTP/R15B03)',
30 silly registry.get     date: 'Thu, 09 May 2013 18:14:51 GMT',
30 silly registry.get     'content-type': 'application/json',
30 silly registry.get     'content-length': '52',
30 silly registry.get     'cache-control': 'must-revalidate' } ]
31 silly lockFile d09b4508-sliderjs sliderjs@
32 silly lockFile d09b4508-sliderjs sliderjs@
33 error 404 'sliderjs' is not in the npm registry.
33 error 404 You should bug the author to publish it
33 error 404
33 error 404 Note that you can also install from a
33 error 404 tarball, folder, or http url, or git url.
34 error System Windows_NT 6.1.7601
35 error command "c:\\Program Files\\nodejs\\node.exe" "c:\\Program Files\\nodejs\\node_modules\\npm\\bin\\npm-cli.js" "install" "sliderjs"
36 error cwd c:\Users\KaranDesktop\Documents\GitHub\IvyWireMainSite
37 error node -v v0.10.5
38 error npm -v 1.2.18
39 error code E404
40 verbose exit [ 1, true ]
